<?xml version="1.0" encoding="UTF-8"?>
<testng-results skipped="0" failed="0" ignored="0" total="2" passed="2">
  <reporter-output>
  </reporter-output>
  <suite name="Default suite" duration-ms="60496" started-at="2021-04-02T10:50:16Z" finished-at="2021-04-02T10:51:17Z">
    <groups>
    </groups>
    <test name="Default test" duration-ms="60496" started-at="2021-04-02T10:50:16Z" finished-at="2021-04-02T10:51:17Z">
      <class name="com.netvision.qa.testcases.LoginPageTest">
        <test-method status="PASS" signature="setUp()[pri:0, instance:com.netvision.qa.testcases.LoginPageTest@5762806e]" name="setUp" is-config="true" duration-ms="21844" started-at="2021-04-02T16:20:16Z" finished-at="2021-04-02T16:20:38Z">
          <reporter-output>
          </reporter-output>
        </test-method> <!-- setUp -->
        <test-method status="PASS" signature="netvisionLogoTest()[pri:1, instance:com.netvision.qa.testcases.LoginPageTest@5762806e]" name="netvisionLogoTest" duration-ms="1255" started-at="2021-04-02T16:20:38Z" finished-at="2021-04-02T16:20:39Z">
          <reporter-output>
          </reporter-output>
        </test-method> <!-- netvisionLogoTest -->
        <test-method status="PASS" signature="tearDown()[pri:0, instance:com.netvision.qa.testcases.LoginPageTest@5762806e]" name="tearDown" is-config="true" duration-ms="1330" started-at="2021-04-02T16:20:39Z" finished-at="2021-04-02T16:20:41Z">
          <reporter-output>
          </reporter-output>
        </test-method> <!-- tearDown -->
        <test-method status="PASS" signature="setUp()[pri:0, instance:com.netvision.qa.testcases.LoginPageTest@5762806e]" name="setUp" is-config="true" duration-ms="23268" started-at="2021-04-02T16:20:41Z" finished-at="2021-04-02T16:21:04Z">
          <reporter-output>
          </reporter-output>
        </test-method> <!-- setUp -->
        <test-method status="PASS" signature="loginTest()[pri:2, instance:com.netvision.qa.testcases.LoginPageTest@5762806e]" name="loginTest" duration-ms="11926" started-at="2021-04-02T16:21:04Z" finished-at="2021-04-02T16:21:16Z">
          <reporter-output>
          </reporter-output>
        </test-method> <!-- loginTest -->
        <test-method status="PASS" signature="tearDown()[pri:0, instance:com.netvision.qa.testcases.LoginPageTest@5762806e]" name="tearDown" is-config="true" duration-ms="836" started-at="2021-04-02T16:21:16Z" finished-at="2021-04-02T16:21:17Z">
          <reporter-output>
          </reporter-output>
        </test-method> <!-- tearDown -->
      </class> <!-- com.netvision.qa.testcases.LoginPageTest -->
    </test> <!-- Default test -->
  </suite> <!-- Default suite -->
</testng-results>
